<?xml version="1.0" encoding="UTF-8"?>
<!-- Generated by org.testng.reporters.JUnitReportReporter -->
<testsuite hostname="MWLTPF1MEAFD" failures="0" tests="3" name="automationassignment.TestCase1" time="34.890" errors="0" timestamp="2019-10-05T14:21:40 SAST" skipped="0">
  <testcase classname="automationassignment.TestCase1" name="step1_EnterAddress" time="10.242"/>
  <testcase classname="automationassignment.TestCase1" name="step2_SearchForRestaurantsNearAddress" time="14.043"/>
  <testcase classname="automationassignment.TestCase1" name="step3_AddMenuItemsToBasket" time="10.605"/>
</testsuite> <!-- automationassignment.TestCase1 -->
