<?xml version="1.0" encoding="UTF-8"?>
<!-- Generated by org.testng.reporters.JUnitReportReporter -->
<testsuite hostname="MWLTPF1MEAFD" failures="0" tests="4" name="automationassignment.TestCase1" time="39.604" errors="0" timestamp="2019-10-05T15:47:34 SAST" skipped="0">
  <testcase classname="automationassignment.TestCase1" name="step4_captureDetailsForDelivery" time="5.120"/>
  <testcase classname="automationassignment.TestCase1" name="step1_EnterAddress" time="10.333"/>
  <testcase classname="automationassignment.TestCase1" name="step2_SearchForRestaurantsNearAddress" time="13.971"/>
  <testcase classname="automationassignment.TestCase1" name="step3_AddItemsToBasket" time="10.180"/>
</testsuite> <!-- automationassignment.TestCase1 -->
