<?xml version="1.0" encoding="UTF-8"?>
<!-- Generated by org.testng.reporters.JUnitReportReporter -->
<testsuite hostname="MWLTPF1MEAFD" failures="0" tests="5" name="automationassignment.TestCase1Bonus" time="53.563" errors="0" timestamp="2019-10-06T05:58:48 SAST" skipped="0">
  <testcase classname="automationassignment.TestCase1Bonus" name="step1_EnterAddress" time="8.616"/>
  <testcase classname="automationassignment.TestCase1Bonus" name="step4_CaptureDetailsForDelivery" time="15.721"/>
  <testcase classname="automationassignment.TestCase1Bonus" name="step2_SearchForRestaurantsNearAddress" time="14.810"/>
  <testcase classname="automationassignment.TestCase1Bonus" name="step5_ReceiveOrderReference" time="6.200"/>
  <testcase classname="automationassignment.TestCase1Bonus" name="step3_AddItemsToBasket" time="8.216"/>
</testsuite> <!-- automationassignment.TestCase1Bonus -->
