<?xml version="1.0" encoding="UTF-8"?>
<!-- Generated by org.testng.reporters.JUnitReportReporter -->
<testsuite hostname="MWLTPF1MEAFD" failures="0" tests="5" name="automationassignment.tests.TestCase1" time="53.332" errors="0" timestamp="2019-10-06T13:26:03 SAST" skipped="0">
  <testcase classname="automationassignment.tests.TestCase1" name="step1_EnterAddress" time="10.264"/>
  <testcase classname="automationassignment.tests.TestCase1" name="step5_ReceiveOrderReference" time="6.267"/>
  <testcase classname="automationassignment.tests.TestCase1" name="step3_AddItemsToBasket" time="8.489"/>
  <testcase classname="automationassignment.tests.TestCase1" name="step2_SearchForRestaurantsNearAddress" time="13.784"/>
  <testcase classname="automationassignment.tests.TestCase1" name="step4_CaptureDetailsForDelivery" time="14.528"/>
</testsuite> <!-- automationassignment.tests.TestCase1 -->
