<?xml version="1.0" encoding="UTF-8"?>
<!-- Generated by org.testng.reporters.JUnitReportReporter -->
<testsuite hostname="MWLTPF1MEAFD" failures="0" tests="2" name="automationassignment.TestCase1" time="18.873" errors="0" timestamp="2019-10-05T12:08:27 SAST" skipped="0">
  <testcase classname="automationassignment.TestCase1" name="step2" time="8.209"/>
  <testcase classname="automationassignment.TestCase1" name="step1" time="10.664"/>
</testsuite> <!-- automationassignment.TestCase1 -->
