<?xml version="1.0" encoding="UTF-8"?>
<!-- Generated by org.testng.reporters.JUnitReportReporter -->
<testsuite hostname="MWLTPF1MEAFD" failures="0" tests="5" name="automationassignment.tests.TestCase2Bonus" time="53.616" errors="0" timestamp="2019-10-06T13:26:03 SAST" skipped="0">
  <testcase classname="automationassignment.tests.TestCase2Bonus" name="step1_EnterAddress" time="8.476"/>
  <testcase classname="automationassignment.tests.TestCase2Bonus" name="step4_CaptureDetailsForDelivery" time="17.191"/>
  <testcase classname="automationassignment.tests.TestCase2Bonus" name="step5_ReceiveOrderReference" time="6.191"/>
  <testcase classname="automationassignment.tests.TestCase2Bonus" name="step3_AddItemsToBasket" time="8.368"/>
  <testcase classname="automationassignment.tests.TestCase2Bonus" name="step2_SearchForRestaurantsNearAddress" time="13.390"/>
</testsuite> <!-- automationassignment.tests.TestCase2Bonus -->
