<?xml version="1.0" encoding="UTF-8"?>
<!-- Generated by org.testng.reporters.JUnitReportReporter -->
<testsuite hostname="MWLTPF1MEAFD" failures="0" tests="5" name="automationassignment.tests.TestCase2" time="53.397" errors="0" timestamp="2019-10-06T13:26:03 SAST" skipped="0">
  <testcase classname="automationassignment.tests.TestCase2" name="step3_AddItemsToBasket" time="8.148"/>
  <testcase classname="automationassignment.tests.TestCase2" name="step2_SearchForRestaurantsNearAddress" time="13.887"/>
  <testcase classname="automationassignment.tests.TestCase2" name="step4_CaptureDetailsForDelivery" time="14.049"/>
  <testcase classname="automationassignment.tests.TestCase2" name="step5_ReceiveOrderReference" time="6.194"/>
  <testcase classname="automationassignment.tests.TestCase2" name="step1_EnterAddress" time="11.119"/>
</testsuite> <!-- automationassignment.tests.TestCase2 -->
