<?xml version="1.0" encoding="UTF-8"?>
<!-- Generated by org.testng.reporters.JUnitReportReporter -->
<testsuite hostname="MWLTPF1MEAFD" failures="0" tests="5" name="automationassignment.tests.TestCase1Bonus" time="52.567" errors="0" timestamp="2019-10-06T13:26:03 SAST" skipped="0">
  <testcase classname="automationassignment.tests.TestCase1Bonus" name="step1_EnterAddress" time="8.420"/>
  <testcase classname="automationassignment.tests.TestCase1Bonus" name="step4_CaptureDetailsForDelivery" time="16.476"/>
  <testcase classname="automationassignment.tests.TestCase1Bonus" name="step3_AddItemsToBasket" time="8.133"/>
  <testcase classname="automationassignment.tests.TestCase1Bonus" name="step5_ReceiveOrderReference" time="6.136"/>
  <testcase classname="automationassignment.tests.TestCase1Bonus" name="step2_SearchForRestaurantsNearAddress" time="13.402"/>
</testsuite> <!-- automationassignment.tests.TestCase1Bonus -->
