<?xml version="1.0" encoding="UTF-8"?>
<!-- Generated by org.testng.reporters.JUnitReportReporter -->
<testsuite hostname="MWLTPF1MEAFD" failures="0" tests="5" name="automationassignment.TestCase1" time="53.616" errors="0" timestamp="2019-10-06T07:46:43 SAST" skipped="0">
  <testcase classname="automationassignment.TestCase1" name="step2_SearchForRestaurantsNearAddress" time="13.976"/>
  <testcase classname="automationassignment.TestCase1" name="step4_CaptureDetailsForDelivery" time="12.331"/>
  <testcase classname="automationassignment.TestCase1" name="step3_AddItemsToBasket" time="8.108"/>
  <testcase classname="automationassignment.TestCase1" name="step5_ReceiveOrderReference" time="8.178"/>
  <testcase classname="automationassignment.TestCase1" name="step1_EnterAddress" time="11.023"/>
</testsuite> <!-- automationassignment.TestCase1 -->
