<?xml version="1.0" encoding="UTF-8"?>
<!-- Generated by org.testng.reporters.JUnitReportReporter -->
<testsuite hostname="MWLTPF1MEAFD" failures="0" tests="5" name="automationassignment.TestCase3" time="49.085" errors="0" timestamp="2019-10-06T11:08:41 SAST" skipped="0">
  <testcase classname="automationassignment.TestCase3" name="step5_ReceiveOrderReference" time="6.141"/>
  <testcase classname="automationassignment.TestCase3" name="step1_EnterAddress" time="9.986"/>
  <testcase classname="automationassignment.TestCase3" name="step3_AddItemsToBasket" time="7.784"/>
  <testcase classname="automationassignment.TestCase3" name="step2_SearchForRestaurantsNearAddress" time="13.329"/>
  <testcase classname="automationassignment.TestCase3" name="step4_CaptureDetailsForDelivery" time="11.845"/>
</testsuite> <!-- automationassignment.TestCase3 -->
