<?xml version="1.0" encoding="UTF-8"?>
<!-- Generated by org.testng.reporters.JUnitReportReporter -->
<testsuite hostname="MWLTPF1MEAFD" failures="0" tests="5" name="automationassignment.TestCase1" time="50.844" errors="0" timestamp="2019-10-06T05:54:23 SAST" skipped="0">
  <testcase classname="automationassignment.TestCase1" name="step4_CaptureDetailsForDelivery" time="12.070"/>
  <testcase classname="automationassignment.TestCase1" name="step2_SearchForRestaurantsNearAddress" time="13.797"/>
  <testcase classname="automationassignment.TestCase1" name="step1_EnterAddress" time="10.798"/>
  <testcase classname="automationassignment.TestCase1" name="step3_AddItemsToBasket" time="7.892"/>
  <testcase classname="automationassignment.TestCase1" name="step5_ReceiveOrderReference" time="6.287"/>
</testsuite> <!-- automationassignment.TestCase1 -->
