<?xml version="1.0" encoding="UTF-8"?>
<!-- Generated by org.testng.reporters.JUnitReportReporter -->
<testsuite hostname="MWLTPF1MEAFD" failures="0" tests="1" name="automationassignment.TestCase3" time="10.072" errors="0" timestamp="2019-10-06T08:38:03 SAST" skipped="0">
  <testcase classname="automationassignment.TestCase3" name="step1_EnterAddress" time="10.072"/>
</testsuite> <!-- automationassignment.TestCase3 -->
