<?xml version="1.0" encoding="UTF-8"?>
<!-- Generated by org.testng.reporters.JUnitReportReporter -->
<testsuite hostname="MWLTPF1MEAFD" failures="0" tests="5" name="automationassignment.TestCase1" time="52.912" errors="0" timestamp="2019-10-06T09:31:13 SAST" skipped="0">
  <testcase classname="automationassignment.TestCase1" name="step5_ReceiveOrderReference" time="6.240"/>
  <testcase classname="automationassignment.TestCase1" name="step2_SearchForRestaurantsNearAddress" time="13.811"/>
  <testcase classname="automationassignment.TestCase1" name="step1_EnterAddress" time="10.697"/>
  <testcase classname="automationassignment.TestCase1" name="step4_CaptureDetailsForDelivery" time="14.074"/>
  <testcase classname="automationassignment.TestCase1" name="step3_AddItemsToBasket" time="8.090"/>
</testsuite> <!-- automationassignment.TestCase1 -->
