<?xml version="1.0" encoding="UTF-8"?>
<!-- Generated by org.testng.reporters.JUnitReportReporter -->
<testsuite hostname="MWLTPF1MEAFD" failures="0" tests="5" name="automationassignment.TestCase2" time="51.605" errors="0" timestamp="2019-10-06T07:58:56 SAST" skipped="0">
  <testcase classname="automationassignment.TestCase2" name="step5_ReceiveOrderReference" time="6.292"/>
  <testcase classname="automationassignment.TestCase2" name="step4_CaptureDetailsForDelivery" time="12.492"/>
  <testcase classname="automationassignment.TestCase2" name="step2_SearchForRestaurantsNearAddress" time="13.853"/>
  <testcase classname="automationassignment.TestCase2" name="step1_EnterAddress" time="10.970"/>
  <testcase classname="automationassignment.TestCase2" name="step3_AddItemsToBasket" time="7.998"/>
</testsuite> <!-- automationassignment.TestCase2 -->
